# JRE version: OpenJDK Runtime Environment (8.0_152-b06) (build 1.8.0_152-release-1136-b06)
# Java VM: OpenJDK 64-Bit Server VM (25.152-b06 mixed mode windows-amd64 compressed oops)
Heap:
 PSYoungGen      total 451072K, used 450834K [0x00000000e0000000, 0x0000000100000000, 0x0000000100000000)
  eden space 377856K, 99% used [0x00000000e0000000,0x00000000f70c90c0,0x00000000f7100000)
  from space 73216K, 99% used [0x00000000f7100000,0x00000000fb87ba80,0x00000000fb880000)
  to   space 73216K, 83% used [0x00000000fb880000,0x00000000ff435bd0,0x0000000100000000)
 ParOldGen       total 1048576K, used 217816K [0x00000000a0000000, 0x00000000e0000000, 0x00000000e0000000)
  object space 1048576K, 20% used [0x00000000a0000000,0x00000000ad4b6210,0x00000000e0000000)
 Metaspace       used 161542K, capacity 172836K, committed 172992K, reserved 1200128K
  class space    used 19969K, capacity 22147K, committed 22208K, reserved 1048576K
GC Heap History (10 events):
Event: 1633.338 GC heap after
Heap after GC invocations=74 (full 5):
 PSYoungGen      total 444928K, used 24002K [0x00000000e0000000, 0x00000000ffe00000, 0x0000000100000000)
  eden space 376832K, 0% used [0x00000000e0000000,0x00000000e0000000,0x00000000f7000000)
  from space 68096K, 35% used [0x00000000f7000000,0x00000000f8770ab8,0x00000000fb280000)
  to   space 64512K, 0% used [0x00000000fbf00000,0x00000000fbf00000,0x00000000ffe00000)
 ParOldGen       total 1048576K, used 166135K [0x00000000a0000000, 0x00000000e0000000, 0x00000000e0000000)
  object space 1048576K, 15% used [0x00000000a0000000,0x00000000aa23dc60,0x00000000e0000000)
 Metaspace       used 161383K, capacity 172628K, committed 172736K, reserved 1200128K
  class space    used 19961K, capacity 22135K, committed 22208K, reserved 1048576K
}
Event: 1633.650 GC heap before
{Heap before GC invocations=75 (full 5):
 PSYoungGen      total 444928K, used 400834K [0x00000000e0000000, 0x00000000ffe00000, 0x0000000100000000)
  eden space 376832K, 100% used [0x00000000e0000000,0x00000000f7000000,0x00000000f7000000)
  from space 68096K, 35% used [0x00000000f7000000,0x00000000f8770ab8,0x00000000fb280000)
  to   space 64512K, 0% used [0x00000000fbf00000,0x00000000fbf00000,0x00000000ffe00000)
 ParOldGen       total 1048576K, used 166135K [0x00000000a0000000, 0x00000000e0000000, 0x00000000e0000000)
  object space 1048576K, 15% used [0x00000000a0000000,0x00000000aa23dc60,0x00000000e0000000)
 Metaspace       used 161383K, capacity 172628K, committed 172736K, reserved 1200128K
  class space    used 19961K, capacity 22135K, committed 22208K, reserved 1048576K
Event: 1633.667 GC heap after
Heap after GC invocations=75 (full 5):
 PSYoungGen      total 447488K, used 26314K [0x00000000e0000000, 0x00000000ff580000, 0x0000000100000000)
  eden space 391680K, 0% used [0x00000000e0000000,0x00000000e0000000,0x00000000f7e80000)
  from space 55808K, 47% used [0x00000000fbf00000,0x00000000fd8b2a60,0x00000000ff580000)
  to   space 60928K, 0% used [0x00000000f7e80000,0x00000000f7e80000,0x00000000fba00000)
 ParOldGen       total 1048576K, used 166135K [0x00000000a0000000, 0x00000000e0000000, 0x00000000e0000000)
  object space 1048576K, 15% used [0x00000000a0000000,0x00000000aa23dc60,0x00000000e0000000)
 Metaspace       used 161383K, capacity 172628K, committed 172736K, reserved 1200128K
  class space    used 19961K, capacity 22135K, committed 22208K, reserved 1048576K
}
Event: 1634.036 GC heap before
{Heap before GC invocations=76 (full 5):
 PSYoungGen      total 447488K, used 417994K [0x00000000e0000000, 0x00000000ff580000, 0x0000000100000000)
  eden space 391680K, 100% used [0x00000000e0000000,0x00000000f7e80000,0x00000000f7e80000)
  from space 55808K, 47% used [0x00000000fbf00000,0x00000000fd8b2a60,0x00000000ff580000)
  to   space 60928K, 0% used [0x00000000f7e80000,0x00000000f7e80000,0x00000000fba00000)
 ParOldGen       total 1048576K, used 166135K [0x00000000a0000000, 0x00000000e0000000, 0x00000000e0000000)
  object space 1048576K, 15% used [0x00000000a0000000,0x00000000aa23dc60,0x00000000e0000000)
 Metaspace       used 161383K, capacity 172628K, committed 172736K, reserved 1200128K
  class space    used 19961K, capacity 22135K, committed 22208K, reserved 1048576K
Event: 1634.052 GC heap after
Heap after GC invocations=76 (full 5):
 PSYoungGen      total 452608K, used 22336K [0x00000000e0000000, 0x00000000fff00000, 0x0000000100000000)
  eden space 391680K, 0% used [0x00000000e0000000,0x00000000e0000000,0x00000000f7e80000)
  from space 60928K, 36% used [0x00000000f7e80000,0x00000000f94503b0,0x00000000fba00000)
  to   space 57856K, 0% used [0x00000000fc680000,0x00000000fc680000,0x00000000fff00000)
 ParOldGen       total 1048576K, used 166791K [0x00000000a0000000, 0x00000000e0000000, 0x00000000e0000000)
  object space 1048576K, 15% used [0x00000000a0000000,0x00000000aa2e1c60,0x00000000e0000000)
 Metaspace       used 161383K, capacity 172628K, committed 172736K, reserved 1200128K
  class space    used 19961K, capacity 22135K, committed 22208K, reserved 1048576K
}
Event: 1636.728 GC heap before
{Heap before GC invocations=77 (full 5):
 PSYoungGen      total 452608K, used 413775K [0x00000000e0000000, 0x00000000fff00000, 0x0000000100000000)
  eden space 391680K, 99% used [0x00000000e0000000,0x00000000f7e43b50,0x00000000f7e80000)
  from space 60928K, 36% used [0x00000000f7e80000,0x00000000f94503b0,0x00000000fba00000)
  to   space 57856K, 0% used [0x00000000fc680000,0x00000000fc680000,0x00000000fff00000)
 ParOldGen       total 1048576K, used 166791K [0x00000000a0000000, 0x00000000e0000000, 0x00000000e0000000)
  object space 1048576K, 15% used [0x00000000a0000000,0x00000000aa2e1c60,0x00000000e0000000)
 Metaspace       used 161456K, capacity 172692K, committed 172992K, reserved 1200128K
  class space    used 19962K, capacity 22135K, committed 22208K, reserved 1048576K
Event: 1636.781 GC heap after
Heap after GC invocations=77 (full 5):
 PSYoungGen      total 435712K, used 57851K [0x00000000e0000000, 0x0000000100000000, 0x0000000100000000)
  eden space 377856K, 0% used [0x00000000e0000000,0x00000000e0000000,0x00000000f7100000)
  from space 57856K, 99% used [0x00000000fc680000,0x00000000ffefec08,0x00000000fff00000)
  to   space 73216K, 0% used [0x00000000f7100000,0x00000000f7100000,0x00000000fb880000)
 ParOldGen       total 1048576K, used 184484K [0x00000000a0000000, 0x00000000e0000000, 0x00000000e0000000)
  object space 1048576K, 17% used [0x00000000a0000000,0x00000000ab429000,0x00000000e0000000)
 Metaspace       used 161456K, capacity 172692K, committed 172992K, reserved 1200128K
  class space    used 19962K, capacity 22135K, committed 22208K, reserved 1048576K
}
Event: 1638.017 GC heap before
{Heap before GC invocations=78 (full 5):
 PSYoungGen      total 435712K, used 435707K [0x00000000e0000000, 0x0000000100000000, 0x0000000100000000)
  eden space 377856K, 100% used [0x00000000e0000000,0x00000000f7100000,0x00000000f7100000)
  from space 57856K, 99% used [0x00000000fc680000,0x00000000ffefec08,0x00000000fff00000)
  to   space 73216K, 0% used [0x00000000f7100000,0x00000000f7100000,0x00000000fb880000)
 ParOldGen       total 1048576K, used 184484K [0x00000000a0000000, 0x00000000e0000000, 0x00000000e0000000)
  object space 1048576K, 17% used [0x00000000a0000000,0x00000000ab429000,0x00000000e0000000)
 Metaspace       used 161480K, capacity 172692K, committed 172992K, reserved 1200128K
  class space    used 19962K, capacity 22135K, committed 22208K, reserved 1048576K
Event: 1638.085 GC heap after
Heap after GC invocations=78 (full 5):
 PSYoungGen      total 451072K, used 73198K [0x00000000e0000000, 0x0000000100000000, 0x0000000100000000)
  eden space 377856K, 0% used [0x00000000e0000000,0x00000000e0000000,0x00000000f7100000)
  from space 73216K, 99% used [0x00000000f7100000,0x00000000fb87ba80,0x00000000fb880000)
  to   space 73216K, 0% used [0x00000000fb880000,0x00000000fb880000,0x0000000100000000)
 ParOldGen       total 1048576K, used 216432K [0x00000000a0000000, 0x00000000e0000000, 0x00000000e0000000)
  object space 1048576K, 20% used [0x00000000a0000000,0x00000000ad35c140,0x00000000e0000000)
 Metaspace       used 161480K, capacity 172692K, committed 172992K, reserved 1200128K
  class space    used 19962K, capacity 22135K, committed 22208K, reserved 1048576K
}
Event: 1641.190 GC heap before
{Heap before GC invocations=79 (full 5):
 PSYoungGen      total 451072K, used 450834K [0x00000000e0000000, 0x0000000100000000, 0x0000000100000000)
  eden space 377856K, 99% used [0x00000000e0000000,0x00000000f70c90c0,0x00000000f7100000)
  from space 73216K, 99% used [0x00000000f7100000,0x00000000fb87ba80,0x00000000fb880000)
  to   space 73216K, 0% used [0x00000000fb880000,0x00000000fb880000,0x0000000100000000)
 ParOldGen       total 1048576K, used 216432K [0x00000000a0000000, 0x00000000e0000000, 0x00000000e0000000)
  object space 1048576K, 20% used [0x00000000a0000000,0x00000000ad35c140,0x00000000e0000000)
 Metaspace       used 161542K, capacity 172836K, committed 172992K, reserved 1200128K
  class space    used 19969K, capacity 22147K, committed 22208K, reserved 1048576K

