# JRE version: OpenJDK Runtime Environment (8.0_152-b06) (build 1.8.0_152-release-1136-b06)
# Java VM: OpenJDK 64-Bit Server VM (25.152-b06 mixed mode windows-amd64 compressed oops)
Heap:
 PSYoungGen      total 479744K, used 280411K [0x00000000e0000000, 0x0000000100000000, 0x0000000100000000)
  eden space 435200K, 54% used [0x00000000e0000000,0x00000000ee65a888,0x00000000fa900000)
  from space 44544K, 99% used [0x00000000fa900000,0x00000000fd47c3e0,0x00000000fd480000)
  to   space 44544K, 0% used [0x00000000fd480000,0x00000000fd480000,0x0000000100000000)
 ParOldGen       total 723456K, used 92969K [0x00000000a0000000, 0x00000000cc280000, 0x00000000e0000000)
  object space 723456K, 12% used [0x00000000a0000000,0x00000000a5aca5c0,0x00000000cc280000)
 Metaspace       used 99530K, capacity 104658K, committed 104856K, reserved 1140736K
  class space    used 12688K, capacity 13642K, committed 13744K, reserved 1048576K
GC Heap History (10 events):
Event: 163.909 GC heap before
{Heap before GC invocations=15 (full 3):
 PSYoungGen      total 457216K, used 456271K [0x00000000e0000000, 0x0000000100000000, 0x0000000100000000)
  eden space 427008K, 99% used [0x00000000e0000000,0x00000000fa017ff0,0x00000000fa100000)
  from space 30208K, 99% used [0x00000000fa100000,0x00000000fbe7bd58,0x00000000fbe80000)
  to   space 38400K, 0% used [0x00000000fda80000,0x00000000fda80000,0x0000000100000000)
 ParOldGen       total 517120K, used 49464K [0x00000000a0000000, 0x00000000bf900000, 0x00000000e0000000)
  object space 517120K, 9% used [0x00000000a0000000,0x00000000a304e200,0x00000000bf900000)
 Metaspace       used 87930K, capacity 91890K, committed 92056K, reserved 1128448K
  class space    used 11326K, capacity 12120K, committed 12208K, reserved 1048576K
Event: 163.957 GC heap after
Heap after GC invocations=15 (full 3):
 PSYoungGen      total 477696K, used 36221K [0x00000000e0000000, 0x0000000100000000, 0x0000000100000000)
  eden space 439296K, 0% used [0x00000000e0000000,0x00000000e0000000,0x00000000fad00000)
  from space 38400K, 94% used [0x00000000fda80000,0x00000000ffddf518,0x0000000100000000)
  to   space 42496K, 0% used [0x00000000fad00000,0x00000000fad00000,0x00000000fd680000)
 ParOldGen       total 517120K, used 63320K [0x00000000a0000000, 0x00000000bf900000, 0x00000000e0000000)
  object space 517120K, 12% used [0x00000000a0000000,0x00000000a3dd6080,0x00000000bf900000)
 Metaspace       used 87930K, capacity 91890K, committed 92056K, reserved 1128448K
  class space    used 11326K, capacity 12120K, committed 12208K, reserved 1048576K
}
Event: 169.688 GC heap before
{Heap before GC invocations=16 (full 3):
 PSYoungGen      total 477696K, used 475517K [0x00000000e0000000, 0x0000000100000000, 0x0000000100000000)
  eden space 439296K, 100% used [0x00000000e0000000,0x00000000fad00000,0x00000000fad00000)
  from space 38400K, 94% used [0x00000000fda80000,0x00000000ffddf518,0x0000000100000000)
  to   space 42496K, 0% used [0x00000000fad00000,0x00000000fad00000,0x00000000fd680000)
 ParOldGen       total 517120K, used 63320K [0x00000000a0000000, 0x00000000bf900000, 0x00000000e0000000)
  object space 517120K, 12% used [0x00000000a0000000,0x00000000a3dd6080,0x00000000bf900000)
 Metaspace       used 88594K, capacity 92802K, committed 92952K, reserved 1130496K
  class space    used 11417K, capacity 12244K, committed 12336K, reserved 1048576K
Event: 169.718 GC heap after
Heap after GC invocations=16 (full 3):
 PSYoungGen      total 470528K, used 30953K [0x00000000e0000000, 0x0000000100000000, 0x0000000100000000)
  eden space 439296K, 0% used [0x00000000e0000000,0x00000000e0000000,0x00000000fad00000)
  from space 31232K, 99% used [0x00000000fad00000,0x00000000fcb3a470,0x00000000fcb80000)
  to   space 43520K, 0% used [0x00000000fd580000,0x00000000fd580000,0x0000000100000000)
 ParOldGen       total 517120K, used 63328K [0x00000000a0000000, 0x00000000bf900000, 0x00000000e0000000)
  object space 517120K, 12% used [0x00000000a0000000,0x00000000a3dd8080,0x00000000bf900000)
 Metaspace       used 88594K, capacity 92802K, committed 92952K, reserved 1130496K
  class space    used 11417K, capacity 12244K, committed 12336K, reserved 1048576K
}
Event: 173.908 GC heap before
{Heap before GC invocations=17 (full 3):
 PSYoungGen      total 470528K, used 433540K [0x00000000e0000000, 0x0000000100000000, 0x0000000100000000)
  eden space 439296K, 91% used [0x00000000e0000000,0x00000000f8926ba8,0x00000000fad00000)
  from space 31232K, 99% used [0x00000000fad00000,0x00000000fcb3a470,0x00000000fcb80000)
  to   space 43520K, 0% used [0x00000000fd580000,0x00000000fd580000,0x0000000100000000)
 ParOldGen       total 517120K, used 63328K [0x00000000a0000000, 0x00000000bf900000, 0x00000000e0000000)
  object space 517120K, 12% used [0x00000000a0000000,0x00000000a3dd8080,0x00000000bf900000)
 Metaspace       used 94034K, capacity 98528K, committed 98600K, reserved 1134592K
  class space    used 12122K, capacity 12975K, committed 12976K, reserved 1048576K
Event: 173.929 GC heap after
Heap after GC invocations=17 (full 3):
 PSYoungGen      total 478720K, used 30152K [0x00000000e0000000, 0x0000000100000000, 0x0000000100000000)
  eden space 435200K, 0% used [0x00000000e0000000,0x00000000e0000000,0x00000000fa900000)
  from space 43520K, 69% used [0x00000000fd580000,0x00000000ff2f23e8,0x0000000100000000)
  to   space 44544K, 0% used [0x00000000fa900000,0x00000000fa900000,0x00000000fd480000)
 ParOldGen       total 517120K, used 63336K [0x00000000a0000000, 0x00000000bf900000, 0x00000000e0000000)
  object space 517120K, 12% used [0x00000000a0000000,0x00000000a3dda080,0x00000000bf900000)
 Metaspace       used 94034K, capacity 98528K, committed 98600K, reserved 1134592K
  class space    used 12122K, capacity 12975K, committed 12976K, reserved 1048576K
}
Event: 173.929 GC heap before
{Heap before GC invocations=18 (full 4):
 PSYoungGen      total 478720K, used 30152K [0x00000000e0000000, 0x0000000100000000, 0x0000000100000000)
  eden space 435200K, 0% used [0x00000000e0000000,0x00000000e0000000,0x00000000fa900000)
  from space 43520K, 69% used [0x00000000fd580000,0x00000000ff2f23e8,0x0000000100000000)
  to   space 44544K, 0% used [0x00000000fa900000,0x00000000fa900000,0x00000000fd480000)
 ParOldGen       total 517120K, used 63336K [0x00000000a0000000, 0x00000000bf900000, 0x00000000e0000000)
  object space 517120K, 12% used [0x00000000a0000000,0x00000000a3dda080,0x00000000bf900000)
 Metaspace       used 94034K, capacity 98528K, committed 98600K, reserved 1134592K
  class space    used 12122K, capacity 12975K, committed 12976K, reserved 1048576K
Event: 174.128 GC heap after
Heap after GC invocations=18 (full 4):
 PSYoungGen      total 478720K, used 0K [0x00000000e0000000, 0x0000000100000000, 0x0000000100000000)
  eden space 435200K, 0% used [0x00000000e0000000,0x00000000e0000000,0x00000000fa900000)
  from space 43520K, 0% used [0x00000000fd580000,0x00000000fd580000,0x0000000100000000)
  to   space 44544K, 0% used [0x00000000fa900000,0x00000000fa900000,0x00000000fd480000)
 ParOldGen       total 723456K, used 66751K [0x00000000a0000000, 0x00000000cc280000, 0x00000000e0000000)
  object space 723456K, 9% used [0x00000000a0000000,0x00000000a412fd00,0x00000000cc280000)
 Metaspace       used 93961K, capacity 98328K, committed 98600K, reserved 1134592K
  class space    used 12096K, capacity 12931K, committed 12976K, reserved 1048576K
}
Event: 178.117 GC heap before
{Heap before GC invocations=19 (full 4):
 PSYoungGen      total 478720K, used 434840K [0x00000000e0000000, 0x0000000100000000, 0x0000000100000000)
  eden space 435200K, 99% used [0x00000000e0000000,0x00000000fa8a6238,0x00000000fa900000)
  from space 43520K, 0% used [0x00000000fd580000,0x00000000fd580000,0x0000000100000000)
  to   space 44544K, 0% used [0x00000000fa900000,0x00000000fa900000,0x00000000fd480000)
 ParOldGen       total 723456K, used 66751K [0x00000000a0000000, 0x00000000cc280000, 0x00000000e0000000)
  object space 723456K, 9% used [0x00000000a0000000,0x00000000a412fd00,0x00000000cc280000)
 Metaspace       used 99404K, capacity 104484K, committed 104728K, reserved 1140736K
  class space    used 12683K, capacity 13605K, committed 13616K, reserved 1048576K
Event: 178.165 GC heap after
Heap after GC invocations=19 (full 4):
 PSYoungGen      total 479744K, used 44528K [0x00000000e0000000, 0x0000000100000000, 0x0000000100000000)
  eden space 435200K, 0% used [0x00000000e0000000,0x00000000e0000000,0x00000000fa900000)
  from space 44544K, 99% used [0x00000000fa900000,0x00000000fd47c3e0,0x00000000fd480000)
  to   space 44544K, 0% used [0x00000000fd480000,0x00000000fd480000,0x0000000100000000)
 ParOldGen       total 723456K, used 92969K [0x00000000a0000000, 0x00000000cc280000, 0x00000000e0000000)
  object space 723456K, 12% used [0x00000000a0000000,0x00000000a5aca5c0,0x00000000cc280000)
 Metaspace       used 99404K, capacity 104484K, committed 104728K, reserved 1140736K
  class space    used 12683K, capacity 13605K, committed 13616K, reserved 1048576K
}

