# JRE version: OpenJDK Runtime Environment (8.0_152-b06) (build 1.8.0_152-release-1136-b06)
# Java VM: OpenJDK 64-Bit Server VM (25.152-b06 mixed mode windows-amd64 compressed oops)
Heap:
 PSYoungGen      total 349696K, used 115445K [0x00000000e0000000, 0x0000000100000000, 0x0000000100000000)
  eden space 175104K, 0% used [0x00000000e0000000,0x00000000e0000000,0x00000000eab00000)
  from space 174592K, 66% used [0x00000000eab00000,0x00000000f1bbd710,0x00000000f5580000)
  to   space 174592K, 0% used [0x00000000f5580000,0x00000000f5580000,0x0000000100000000)
 ParOldGen       total 934400K, used 268309K [0x00000000a0000000, 0x00000000d9080000, 0x00000000e0000000)
  object space 934400K, 28% used [0x00000000a0000000,0x00000000b06055c0,0x00000000d9080000)
 Metaspace       used 158479K, capacity 164236K, committed 164308K, reserved 1191936K
  class space    used 19748K, capacity 21175K, committed 21228K, reserved 1048576K
GC Heap History (10 events):
Event: 1279.453 GC heap after
Heap after GC invocations=22 (full 5):
 PSYoungGen      total 297984K, used 106989K [0x00000000e0000000, 0x0000000100000000, 0x0000000100000000)
  eden space 190976K, 0% used [0x00000000e0000000,0x00000000e0000000,0x00000000eba80000)
  from space 107008K, 99% used [0x00000000eba80000,0x00000000f22fb538,0x00000000f2300000)
  to   space 138752K, 0% used [0x00000000f7880000,0x00000000f7880000,0x0000000100000000)
 ParOldGen       total 934400K, used 176237K [0x00000000a0000000, 0x00000000d9080000, 0x00000000e0000000)
  object space 934400K, 18% used [0x00000000a0000000,0x00000000aac1b6f8,0x00000000d9080000)
 Metaspace       used 139220K, capacity 144254K, committed 144536K, reserved 1175552K
  class space    used 17299K, capacity 18532K, committed 18608K, reserved 1048576K
}
Event: 1307.793 GC heap before
{Heap before GC invocations=23 (full 5):
 PSYoungGen      total 297984K, used 297965K [0x00000000e0000000, 0x0000000100000000, 0x0000000100000000)
  eden space 190976K, 100% used [0x00000000e0000000,0x00000000eba80000,0x00000000eba80000)
  from space 107008K, 99% used [0x00000000eba80000,0x00000000f22fb538,0x00000000f2300000)
  to   space 138752K, 0% used [0x00000000f7880000,0x00000000f7880000,0x0000000100000000)
 ParOldGen       total 934400K, used 176237K [0x00000000a0000000, 0x00000000d9080000, 0x00000000e0000000)
  object space 934400K, 18% used [0x00000000a0000000,0x00000000aac1b6f8,0x00000000d9080000)
 Metaspace       used 141877K, capacity 147068K, committed 147224K, reserved 1177600K
  class space    used 17593K, capacity 18887K, committed 18992K, reserved 1048576K
Event: 1307.873 GC heap after
Heap after GC invocations=23 (full 5):
 PSYoungGen      total 357888K, used 114285K [0x00000000e0000000, 0x0000000100000000, 0x0000000100000000)
  eden space 219136K, 0% used [0x00000000e0000000,0x00000000e0000000,0x00000000ed600000)
  from space 138752K, 82% used [0x00000000f7880000,0x00000000fe81b4b8,0x0000000100000000)
  to   space 152576K, 0% used [0x00000000ed600000,0x00000000ed600000,0x00000000f6b00000)
 ParOldGen       total 934400K, used 190699K [0x00000000a0000000, 0x00000000d9080000, 0x00000000e0000000)
  object space 934400K, 20% used [0x00000000a0000000,0x00000000aba3aca8,0x00000000d9080000)
 Metaspace       used 141877K, capacity 147068K, committed 147224K, reserved 1177600K
  class space    used 17593K, capacity 18887K, committed 18992K, reserved 1048576K
}
Event: 1309.238 GC heap before
{Heap before GC invocations=24 (full 5):
 PSYoungGen      total 357888K, used 333421K [0x00000000e0000000, 0x0000000100000000, 0x0000000100000000)
  eden space 219136K, 100% used [0x00000000e0000000,0x00000000ed600000,0x00000000ed600000)
  from space 138752K, 82% used [0x00000000f7880000,0x00000000fe81b4b8,0x0000000100000000)
  to   space 152576K, 0% used [0x00000000ed600000,0x00000000ed600000,0x00000000f6b00000)
 ParOldGen       total 934400K, used 190699K [0x00000000a0000000, 0x00000000d9080000, 0x00000000e0000000)
  object space 934400K, 20% used [0x00000000a0000000,0x00000000aba3aca8,0x00000000d9080000)
 Metaspace       used 152892K, capacity 158418K, committed 158744K, reserved 1187840K
  class space    used 19084K, capacity 20450K, committed 20528K, reserved 1048576K
Event: 1309.341 GC heap after
Heap after GC invocations=24 (full 5):
 PSYoungGen      total 371712K, used 152572K [0x00000000e0000000, 0x0000000100000000, 0x0000000100000000)
  eden space 219136K, 0% used [0x00000000e0000000,0x00000000e0000000,0x00000000ed600000)
  from space 152576K, 99% used [0x00000000ed600000,0x00000000f6aff238,0x00000000f6b00000)
  to   space 152576K, 0% used [0x00000000f6b00000,0x00000000f6b00000,0x0000000100000000)
 ParOldGen       total 934400K, used 232039K [0x00000000a0000000, 0x00000000d9080000, 0x00000000e0000000)
  object space 934400K, 24% used [0x00000000a0000000,0x00000000ae299c48,0x00000000d9080000)
 Metaspace       used 152892K, capacity 158418K, committed 158744K, reserved 1187840K
  class space    used 19084K, capacity 20450K, committed 20528K, reserved 1048576K
}
Event: 1776.361 GC heap before
{Heap before GC invocations=25 (full 5):
 PSYoungGen      total 371712K, used 371708K [0x00000000e0000000, 0x0000000100000000, 0x0000000100000000)
  eden space 219136K, 100% used [0x00000000e0000000,0x00000000ed600000,0x00000000ed600000)
  from space 152576K, 99% used [0x00000000ed600000,0x00000000f6aff238,0x00000000f6b00000)
  to   space 152576K, 0% used [0x00000000f6b00000,0x00000000f6b00000,0x0000000100000000)
 ParOldGen       total 934400K, used 232039K [0x00000000a0000000, 0x00000000d9080000, 0x00000000e0000000)
  object space 934400K, 24% used [0x00000000a0000000,0x00000000ae299c48,0x00000000d9080000)
 Metaspace       used 155596K, capacity 161282K, committed 161432K, reserved 1189888K
  class space    used 19382K, capacity 20802K, committed 20912K, reserved 1048576K
Event: 1776.433 GC heap after
Heap after GC invocations=25 (full 5):
 PSYoungGen      total 327680K, used 111621K [0x00000000e0000000, 0x0000000100000000, 0x0000000100000000)
  eden space 175104K, 0% used [0x00000000e0000000,0x00000000e0000000,0x00000000eab00000)
  from space 152576K, 73% used [0x00000000f6b00000,0x00000000fd801700,0x0000000100000000)
  to   space 174592K, 0% used [0x00000000eab00000,0x00000000eab00000,0x00000000f5580000)
 ParOldGen       total 934400K, used 250817K [0x00000000a0000000, 0x00000000d9080000, 0x00000000e0000000)
  object space 934400K, 26% used [0x00000000a0000000,0x00000000af4f0608,0x00000000d9080000)
 Metaspace       used 155596K, capacity 161282K, committed 161432K, reserved 1189888K
  class space    used 19382K, capacity 20802K, committed 20912K, reserved 1048576K
}
Event: 1776.823 GC heap before
{Heap before GC invocations=26 (full 5):
 PSYoungGen      total 327680K, used 175004K [0x00000000e0000000, 0x0000000100000000, 0x0000000100000000)
  eden space 175104K, 36% used [0x00000000e0000000,0x00000000e3de5978,0x00000000eab00000)
  from space 152576K, 73% used [0x00000000f6b00000,0x00000000fd801700,0x0000000100000000)
  to   space 174592K, 0% used [0x00000000eab00000,0x00000000eab00000,0x00000000f5580000)
 ParOldGen       total 934400K, used 250817K [0x00000000a0000000, 0x00000000d9080000, 0x00000000e0000000)
  object space 934400K, 26% used [0x00000000a0000000,0x00000000af4f0608,0x00000000d9080000)
 Metaspace       used 158479K, capacity 164236K, committed 164308K, reserved 1191936K
  class space    used 19748K, capacity 21175K, committed 21228K, reserved 1048576K
Event: 1776.882 GC heap after
Heap after GC invocations=26 (full 5):
 PSYoungGen      total 349696K, used 115445K [0x00000000e0000000, 0x0000000100000000, 0x0000000100000000)
  eden space 175104K, 0% used [0x00000000e0000000,0x00000000e0000000,0x00000000eab00000)
  from space 174592K, 66% used [0x00000000eab00000,0x00000000f1bbd710,0x00000000f5580000)
  to   space 174592K, 0% used [0x00000000f5580000,0x00000000f5580000,0x0000000100000000)
 ParOldGen       total 934400K, used 268309K [0x00000000a0000000, 0x00000000d9080000, 0x00000000e0000000)
  object space 934400K, 28% used [0x00000000a0000000,0x00000000b06055c0,0x00000000d9080000)
 Metaspace       used 158479K, capacity 164236K, committed 164308K, reserved 1191936K
  class space    used 19748K, capacity 21175K, committed 21228K, reserved 1048576K
}
Event: 1776.882 GC heap before
{Heap before GC invocations=27 (full 6):
 PSYoungGen      total 349696K, used 115445K [0x00000000e0000000, 0x0000000100000000, 0x0000000100000000)
  eden space 175104K, 0% used [0x00000000e0000000,0x00000000e0000000,0x00000000eab00000)
  from space 174592K, 66% used [0x00000000eab00000,0x00000000f1bbd710,0x00000000f5580000)
  to   space 174592K, 0% used [0x00000000f5580000,0x00000000f5580000,0x0000000100000000)
 ParOldGen       total 934400K, used 268309K [0x00000000a0000000, 0x00000000d9080000, 0x00000000e0000000)
  object space 934400K, 28% used [0x00000000a0000000,0x00000000b06055c0,0x00000000d9080000)
 Metaspace       used 158479K, capacity 164236K, committed 164308K, reserved 1191936K
  class space    used 19748K, capacity 21175K, committed 21228K, reserved 1048576K

